<?xml version="1.0" encoding="UTF-8"?>
<!-- Generated by org.testng.reporters.JUnitXMLReporter -->
<testsuite hostname="Knight" ignored="0" name="Test" tests="4" failures="0" timestamp="2019-08-23T14:29:51 PDT" time="0.419" errors="0">
  <testcase name="IOSapp" time="0.083" classname="qaclickacademy.APITest"/>
  <testcase name="Nativeapp" time="0.001" classname="qaclickacademy.APITest"/>
  <testcase name="test1" time="0.001" classname="qaclickacademy.SeleniumTest"/>
  <testcase name="test2" time="0.002" classname="qaclickacademy.SeleniumTest"/>
</testsuite> <!-- Test -->
