<?xml version="1.0" encoding="UTF-8"?>
<testng-results skipped="0" failed="0" ignored="0" total="4" passed="4">
  <reporter-output>
  </reporter-output>
  <suite name="Suite" duration-ms="419" started-at="2019-08-23T14:29:51 PDT" finished-at="2019-08-23T14:29:51 PDT">
    <groups>
    </groups>
    <test name="Test" duration-ms="419" started-at="2019-08-23T14:29:51 PDT" finished-at="2019-08-23T14:29:51 PDT">
      <class name="qaclickacademy.APITest">
        <test-method status="PASS" signature="IOSapp()[pri:0, instance:qaclickacademy.APITest@3159c4b8]" name="IOSapp" duration-ms="83" started-at="2019-08-23T14:29:51 PDT" finished-at="2019-08-23T14:29:51 PDT">
          <reporter-output>
          </reporter-output>
        </test-method> <!-- IOSapp -->
        <test-method status="PASS" signature="Nativeapp()[pri:0, instance:qaclickacademy.APITest@3159c4b8]" name="Nativeapp" duration-ms="1" started-at="2019-08-23T14:29:51 PDT" finished-at="2019-08-23T14:29:51 PDT">
          <reporter-output>
          </reporter-output>
        </test-method> <!-- Nativeapp -->
      </class> <!-- qaclickacademy.APITest -->
      <class name="qaclickacademy.SeleniumTest">
        <test-method status="PASS" signature="test1()[pri:0, instance:qaclickacademy.SeleniumTest@73846619]" name="test1" duration-ms="1" started-at="2019-08-23T14:29:51 PDT" finished-at="2019-08-23T14:29:51 PDT">
          <reporter-output>
          </reporter-output>
        </test-method> <!-- test1 -->
        <test-method status="PASS" signature="test2()[pri:0, instance:qaclickacademy.SeleniumTest@73846619]" name="test2" duration-ms="2" started-at="2019-08-23T14:29:51 PDT" finished-at="2019-08-23T14:29:51 PDT">
          <reporter-output>
          </reporter-output>
        </test-method> <!-- test2 -->
      </class> <!-- qaclickacademy.SeleniumTest -->
    </test> <!-- Test -->
  </suite> <!-- Suite -->
</testng-results>
