<?xml version="1.0" encoding="UTF-8"?>
<testng-results skipped="0" failed="0" ignored="0" total="2" passed="2">
  <reporter-output>
  </reporter-output>
  <suite name="Default suite" duration-ms="271" started-at="2019-08-23T20:25:29Z" finished-at="2019-08-23T20:25:30Z">
    <groups>
    </groups>
    <test name="Default test" duration-ms="271" started-at="2019-08-23T20:25:29Z" finished-at="2019-08-23T20:25:30Z">
      <class name="qaclickacademy.APITest">
        <test-method status="PASS" signature="IOSapp()[pri:0, instance:qaclickacademy.APITest@1810399e]" name="IOSapp" duration-ms="61" started-at="2019-08-23T20:25:29Z" finished-at="2019-08-23T20:25:30Z">
          <reporter-output>
          </reporter-output>
        </test-method> <!-- IOSapp -->
        <test-method status="PASS" signature="Nativeapp()[pri:0, instance:qaclickacademy.APITest@1810399e]" name="Nativeapp" duration-ms="7" started-at="2019-08-23T20:25:30Z" finished-at="2019-08-23T20:25:30Z">
          <reporter-output>
          </reporter-output>
        </test-method> <!-- Nativeapp -->
      </class> <!-- qaclickacademy.APITest -->
    </test> <!-- Default test -->
  </suite> <!-- Default suite -->
</testng-results>
